<?xml version="1.0" encoding="UTF-8"?>
<testsuite name="org.example.runners.TestRunner" tests="7" skipped="0" failures="1" errors="0" timestamp="2026-09-25T10:34:49.764Z" hostname="Mac.lan" time="148.097">
  <properties/>
  <testcase name="Example #1.1" classname="org.example.runners.TestRunner" time="50.243"/>
  <testcase name="Example #1.1" classname="org.example.runners.TestRunner" time="71.631"/>
  <testcase name="Example #1.1" classname="org.example.runners.TestRunner" time="30.531">
    <failure message="org.opentest4j.AssertionFailedError: &#10;Expected: an element that is visible&#10;     but: no matching element found by [mensaje de bienvenida located with: xpath: //h3[contains(text(),'Hola')]]" type="org.opentest4j.AssertionFailedError">org.opentest4j.AssertionFailedError: 
Expected: an element that is visible
     but: no matching element found by [mensaje de bienvenida located with: xpath: //h3[contains(text(),'Hola')]]
	at net.serenitybdd.screenplay.ErrorTally.throwSummaryExceptionFrom(ErrorTally.java:39)
	at net.serenitybdd.screenplay.ErrorTally.reportAnyErrors(ErrorTally.java:33)
	at net.serenitybdd.screenplay.Actor.should(Actor.java:397)
	at org.example.stepdefinitions.RegistroStepDefinitions.validarCuentaAutenticada(RegistroStepDefinitions.java:72)
	at ✽.debe visualizar la cuenta del usuario autenticado(classpath:features/registro.feature:17)
</failure>
  </testcase>
  <testcase name="Example #1.2" classname="org.example.runners.TestRunner" time="29.271"/>
  <testcase name="Example #1.1" classname="org.example.runners.TestRunner" time="39.465"/>
  <testcase name="Example #1.1" classname="org.example.runners.TestRunner" time="46.972"/>
  <testcase name="Example #1.1" classname="org.example.runners.TestRunner" time="17.432"/>
  <system-out><![CDATA[
@compraConUsuario
?[1mEsquema del escenario:?[22m Comprar un producto iniciando sesión en el checkout                                                                                         ?[90m# classpath:features/compra_producto.feature:42?[39m

@registro @registro-no-exitoso
?[1mEsquema del escenario:?[22m Rechazar registro con datos ya registrados                     ?[90m# classpath:features/registro.feature:37?[39m
  ?[32m✔?[39m ?[32m?[1mDado ?[22mque el usuario se encuentra en la página de zapatos para mujer de Bon-Bonite?[39m ?[90m# org.example.stepdefinitions.RegistroStepDefinitions.enLaPaginaDeZapatosParaMujer()?[39m
  ?[32m✔?[39m ?[32m?[1mDado ?[22mque el usuario se encuentra en la página de zapatos para mujer de Bon-Bonite?[39m                                                                              ?[90m# org.example.stepdefinitions.RegistroStepDefinitions.enLaPaginaDeZapatosParaMujer()?[39m
  ?[32m✔?[39m ?[32m?[1mCuando ?[22mel usuario selecciona la opción "Mi cuenta"?[39m                                ?[90m# org.example.stepdefinitions.RegistroStepDefinitions.seleccionarMiCuenta()?[39m
  ?[32m✔?[39m ?[32m?[1mY ?[22mselecciona la opción "Regístrate"?[39m                                               ?[90m# org.example.stepdefinitions.RegistroStepDefinitions.seleccionarRegistrate()?[39m
  ?[32m✔?[39m ?[32m?[1mCuando ?[22mel usuario ingresa a la categoría ?[1m"Zapatos"?[22m?[39m                                                                                                             ?[90m# org.example.stepdefinitions.CompraStepDefinitions.ingresarALaCategoria(java.lang.String)?[39m
  ?[32m✔?[39m ?[32m?[1mY ?[22mdiligencia los campos del registro con los siguientes datos:?[39m                    ?[90m# org.example.stepdefinitions.RegistroStepDefinitions.diligenciarLosCamposDelRegistro(io.cucumber.datatable.DataTable)?[39m
      | cedula      | nombres | apellidos | correo            | contraseña | confirmacion |
      | 10202091234 | Usuario | Existente | usuario2@test.com | Test@12345 | Test@12345   |
  ?[32m✔?[39m ?[32m?[1mY ?[22macepta la autorización para el tratamiento de sus datos personales?[39m              ?[90m# org.example.stepdefinitions.RegistroStepDefinitions.aceptarLaAutorizacion()?[39m
  ?[32m✔?[39m ?[32m?[1mY ?[22mselecciona un producto al azar de la categoría?[39m                                                                                                               ?[90m# org.example.stepdefinitions.CompraStepDefinitions.seleccionarProductoAlAzar()?[39m
  ?[32m✔?[39m ?[32m?[1mY ?[22mselecciona el botón "Registrarme"?[39m                                               ?[90m# org.example.stepdefinitions.RegistroStepDefinitions.seleccionarRegistrarme()?[39m
  ?[32m✔?[39m ?[32m?[1mEntonces ?[22mdebe visualizar un mensaje de error de registro?[39m                          ?[90m# org.example.stepdefinitions.RegistroStepDefinitions.validarErrorDeRegistro()?[39m
  ?[32m✔?[39m ?[32m?[1mY ?[22mselecciona una talla de las disponibles?[39m                                                                                                                      ?[90m# org.example.stepdefinitions.CompraStepDefinitions.seleccionarTallaDisponible()?[39m
  ?[32m✔?[39m ?[32m?[1mY ?[22mrealiza la venta del producto seleccionado?[39m                                                                                                                   ?[90m# org.example.stepdefinitions.CompraStepDefinitions.realizarLaVenta()?[39m
  ?[32m✔?[39m ?[32m?[1mY ?[22minicia sesión en el checkout con usuario ?[1m"10202091234"?[22m y contraseña ?[1m"Test@12345"?[22m?[39m                                                                             ?[90m# org.example.stepdefinitions.CompraStepDefinitions.iniciaSesionEnElCheckout(java.lang.String,java.lang.String)?[39m
  ?[32m✔?[39m ?[32m?[1mY ?[22mdiligencia el formulario de venta como invitado con los datos ?[1m"3105551234"?[22m, ?[1m"Calle 10 # 20-30"?[22m, ?[1m"Bogotá"?[22m, ?[1m"Distrito Capital de Bogotá"?[22m, ?[1m"Colombia"?[22m, ?[1m"110111"?[22m?[39m ?[90m# org.example.stepdefinitions.CompraStepDefinitions.diligenciaLosDatosDeContacto(java.lang.String,java.lang.String,java.lang.String,java.lang.String,java.lang.String,java.lang.String)?[39m
  ?[32m✔?[39m ?[32m?[1mY ?[22mautoriza el tratamiento de datos y realiza el pedido?[39m                                                                                                         ?[90m# org.example.stepdefinitions.CompraStepDefinitions.autorizaElTratamientoDeDatosYRealizaElPedido()?[39m
  ?[32m✔?[39m ?[32m?[1mEntonces ?[22mdebe visualizar el producto en la pantalla de finalización de compra?[39m                                                                                  ?[90m# org.example.stepdefinitions.CompraStepDefinitions.validarProductoEnFinalizacionDeCompra()?[39m

@registro
?[1mEsquema del escenario:?[22m Registrar exitosamente un nuevo usuario                        ?[90m# classpath:features/registro.feature:21?[39m
  ?[32m✔?[39m ?[32m?[1mY ?[22mel total del pedido debe ser igual al precio del producto comprado?[39m                                                                                           ?[90m# org.example.stepdefinitions.CompraStepDefinitions.validaTotalDelPedido()?[39m
  ?[32m✔?[39m ?[32m?[1mDado ?[22mque el usuario se encuentra en la página de zapatos para mujer de Bon-Bonite?[39m ?[90m# org.example.stepdefinitions.RegistroStepDefinitions.enLaPaginaDeZapatosParaMujer()?[39m
  ?[32m✔?[39m ?[32m?[1mCuando ?[22mel usuario selecciona la opción "Mi cuenta"?[39m                                ?[90m# org.example.stepdefinitions.RegistroStepDefinitions.seleccionarMiCuenta()?[39m
  ?[32m✔?[39m ?[32m?[1mY ?[22mselecciona la opción "Regístrate"?[39m                                               ?[90m# org.example.stepdefinitions.RegistroStepDefinitions.seleccionarRegistrate()?[39m
  ?[32m✔?[39m ?[32m?[1mY ?[22mdiligencia los campos del registro con los siguientes datos:?[39m                    ?[90m# org.example.stepdefinitions.RegistroStepDefinitions.diligenciarLosCamposDelRegistro(io.cucumber.datatable.DataTable)?[39m
      | cedula      | nombres  | apellidos | correo            | contraseña | confirmacion |
      | 10202091235 | Mauricio | Restrepo  | usuario4@test.com | Test@12345 | Test@12345   |
  ?[32m✔?[39m ?[32m?[1mY ?[22macepta la autorización para el tratamiento de sus datos personales?[39m              ?[90m# org.example.stepdefinitions.RegistroStepDefinitions.aceptarLaAutorizacion()?[39m
  ?[32m✔?[39m ?[32m?[1mY ?[22mselecciona el botón "Registrarme"?[39m                                               ?[90m# org.example.stepdefinitions.RegistroStepDefinitions.seleccionarRegistrarme()?[39m

@compraComoInvitado
?[1mEsquema del escenario:?[22m Seleccionar y comprar un producto al azar por categoría                                                                                                                                          ?[90m# classpath:features/compra_producto.feature:23?[39m
  ?[31m✘?[39m ?[31m?[1mEntonces ?[22mdebe visualizar la cuenta del usuario autenticado?[39m                        ?[90m# org.example.stepdefinitions.RegistroStepDefinitions.validarCuentaAutenticada()?[39m
        ?[31morg.opentest4j.AssertionFailedError: ?[39m
        ?[31mExpected: an element that is visible?[39m
        ?[31m     but: no matching element found by [mensaje de bienvenida located with: xpath: //h3[contains(text(),'Hola')]]?[39m
        ?[31m	at net.serenitybdd.screenplay.ErrorTally.throwSummaryExceptionFrom(ErrorTally.java:39)?[39m
        ?[31m	at net.serenitybdd.screenplay.ErrorTally.reportAnyErrors(ErrorTally.java:33)?[39m
        ?[31m	at net.serenitybdd.screenplay.Actor.should(Actor.java:397)?[39m
        ?[31m	at org.example.stepdefinitions.RegistroStepDefinitions.validarCuentaAutenticada(RegistroStepDefinitions.java:72)?[39m
        ?[31m	at ✽.debe visualizar la cuenta del usuario autenticado(classpath:features/registro.feature:17)?[39m

@login @login-no-exitoso
?[1mEsquema del escenario:?[22m Rechazar inicio de sesión con credenciales inválidas           ?[90m# classpath:features/login.feature:33?[39m
  ?[32m✔?[39m ?[32m?[1mDado ?[22mque el usuario se encuentra en la página de zapatos para mujer de Bon-Bonite?[39m                                                                                                                                   ?[90m# org.example.stepdefinitions.RegistroStepDefinitions.enLaPaginaDeZapatosParaMujer()?[39m
  ?[32m✔?[39m ?[32m?[1mCuando ?[22mel usuario ingresa a la categoría ?[1m"Zapatos"?[22m?[39m                                                                                                                                                                  ?[90m# org.example.stepdefinitions.CompraStepDefinitions.ingresarALaCategoria(java.lang.String)?[39m
  ?[32m✔?[39m ?[32m?[1mY ?[22mselecciona un producto al azar de la categoría?[39m                                                                                                                                                                    ?[90m# org.example.stepdefinitions.CompraStepDefinitions.seleccionarProductoAlAzar()?[39m
  ?[32m✔?[39m ?[32m?[1mY ?[22mselecciona una talla de las disponibles?[39m                                                                                                                                                                           ?[90m# org.example.stepdefinitions.CompraStepDefinitions.seleccionarTallaDisponible()?[39m
  ?[32m✔?[39m ?[32m?[1mY ?[22mrealiza la venta del producto seleccionado?[39m                                                                                                                                                                        ?[90m# org.example.stepdefinitions.CompraStepDefinitions.realizarLaVenta()?[39m
  ?[32m✔?[39m ?[32m?[1mY ?[22mfinaliza la compra como invitado?[39m                                                                                                                                                                                  ?[90m# org.example.stepdefinitions.CompraStepDefinitions.finalizaLaCompraComoInvitado()?[39m
  ?[32m✔?[39m ?[32m?[1mY ?[22mdiligencia el formulario de venta como invitado con los datos ?[1m"12345675"?[22m, ?[1m"Ana"?[22m, ?[1m"Pérez"?[22m, ?[1m"ana.perez@example.com"?[22m, ?[1m"3105551234"?[22m, ?[1m"Calle 10 # 20-30"?[22m, ?[1m"Bogotá"?[22m, ?[1m"Distrito Capital de Bogotá"?[22m, ?[1m"Colombia"?[22m, ?[1m"110111"?[22m?[39m ?[90m# org.example.stepdefinitions.CompraStepDefinitions.diligenciaElFormularioComoInvitado(java.lang.String,java.lang.String,java.lang.String,java.lang.String,java.lang.String,java.lang.String,java.lang.String,java.lang.String,java.lang.String,java.lang.String)?[39m
  ?[32m✔?[39m ?[32m?[1mY ?[22mautoriza el tratamiento de datos y realiza el pedido?[39m                                                                                                                                                              ?[90m# org.example.stepdefinitions.CompraStepDefinitions.autorizaElTratamientoDeDatosYRealizaElPedido()?[39m
  ?[32m✔?[39m ?[32m?[1mEntonces ?[22mdebe visualizar el producto en la pantalla de finalización de compra?[39m                                                                                                                                       ?[90m# org.example.stepdefinitions.CompraStepDefinitions.validarProductoEnFinalizacionDeCompra()?[39m
  ?[32m✔?[39m ?[32m?[1mDado ?[22mque el usuario se encuentra en la página de zapatos para mujer de Bon-Bonite?[39m ?[90m# org.example.stepdefinitions.RegistroStepDefinitions.enLaPaginaDeZapatosParaMujer()?[39m
  ?[32m✔?[39m ?[32m?[1mCuando ?[22mel usuario selecciona la opción "Mi cuenta"?[39m                                ?[90m# org.example.stepdefinitions.RegistroStepDefinitions.seleccionarMiCuenta()?[39m
  ?[32m✔?[39m ?[32m?[1mY ?[22mdiligencia los campos del inicio de sesión con los siguientes datos:?[39m            ?[90m# org.example.stepdefinitions.LoginStepDefinitions.diligenciarLosCamposDelInicioDeSesion(io.cucumber.datatable.DataTable)?[39m
      | cedula      | contraseña     |
      | 00000000000 | ClaveInvalida1 |
  ?[32m✔?[39m ?[32m?[1mY ?[22mel total del pedido debe ser igual al precio del producto comprado?[39m                                                                                                                                                ?[90m# org.example.stepdefinitions.CompraStepDefinitions.validaTotalDelPedido()?[39m

@compraComoInvitado
?[1mEsquema del escenario:?[22m Seleccionar y comprar un producto al azar por categoría                                                                                                                                          ?[90m# classpath:features/compra_producto.feature:22?[39m
  ?[32m✔?[39m ?[32m?[1mY ?[22mselecciona el botón "Iniciar Sesión"?[39m                                            ?[90m# org.example.stepdefinitions.LoginStepDefinitions.seleccionarIniciarSesion()?[39m
  ?[32m✔?[39m ?[32m?[1mEntonces ?[22mdebe visualizar un mensaje de error de inicio de sesión?[39m                  ?[90m# org.example.stepdefinitions.LoginStepDefinitions.validarErrorDeInicioSesion()?[39m
  ?[32m✔?[39m ?[32m?[1mDado ?[22mque el usuario se encuentra en la página de zapatos para mujer de Bon-Bonite?[39m                                                                                                                                   ?[90m# org.example.stepdefinitions.RegistroStepDefinitions.enLaPaginaDeZapatosParaMujer()?[39m
  ?[32m✔?[39m ?[32m?[1mCuando ?[22mel usuario ingresa a la categoría ?[1m"Bolsos"?[22m?[39m                                                                                                                                                                   ?[90m# org.example.stepdefinitions.CompraStepDefinitions.ingresarALaCategoria(java.lang.String)?[39m
  ?[32m✔?[39m ?[32m?[1mY ?[22mselecciona un producto al azar de la categoría?[39m                                                                                                                                                                    ?[90m# org.example.stepdefinitions.CompraStepDefinitions.seleccionarProductoAlAzar()?[39m
  ?[32m✔?[39m ?[32m?[1mY ?[22mselecciona una talla de las disponibles?[39m                                                                                                                                                                           ?[90m# org.example.stepdefinitions.CompraStepDefinitions.seleccionarTallaDisponible()?[39m

@login @login-exitoso
?[1mEsquema del escenario:?[22m Iniciar sesión exitosamente con credenciales registradas       ?[90m# classpath:features/login.feature:19?[39m
  ?[32m✔?[39m ?[32m?[1mY ?[22mrealiza la venta del producto seleccionado?[39m                                                                                                                                                                        ?[90m# org.example.stepdefinitions.CompraStepDefinitions.realizarLaVenta()?[39m
  ?[32m✔?[39m ?[32m?[1mY ?[22mfinaliza la compra como invitado?[39m                                                                                                                                                                                  ?[90m# org.example.stepdefinitions.CompraStepDefinitions.finalizaLaCompraComoInvitado()?[39m
  ?[32m✔?[39m ?[32m?[1mY ?[22mdiligencia el formulario de venta como invitado con los datos ?[1m"12345675"?[22m, ?[1m"Ana"?[22m, ?[1m"Pérez"?[22m, ?[1m"ana.perez@example.com"?[22m, ?[1m"3105551234"?[22m, ?[1m"Calle 10 # 20-30"?[22m, ?[1m"Bogotá"?[22m, ?[1m"Distrito Capital de Bogotá"?[22m, ?[1m"Colombia"?[22m, ?[1m"110111"?[22m?[39m ?[90m# org.example.stepdefinitions.CompraStepDefinitions.diligenciaElFormularioComoInvitado(java.lang.String,java.lang.String,java.lang.String,java.lang.String,java.lang.String,java.lang.String,java.lang.String,java.lang.String,java.lang.String,java.lang.String)?[39m
  ?[32m✔?[39m ?[32m?[1mY ?[22mautoriza el tratamiento de datos y realiza el pedido?[39m                                                                                                                                                              ?[90m# org.example.stepdefinitions.CompraStepDefinitions.autorizaElTratamientoDeDatosYRealizaElPedido()?[39m
  ?[32m✔?[39m ?[32m?[1mEntonces ?[22mdebe visualizar el producto en la pantalla de finalización de compra?[39m                                                                                                                                       ?[90m# org.example.stepdefinitions.CompraStepDefinitions.validarProductoEnFinalizacionDeCompra()?[39m
  ?[32m✔?[39m ?[32m?[1mDado ?[22mque el usuario se encuentra en la página de zapatos para mujer de Bon-Bonite?[39m ?[90m# org.example.stepdefinitions.RegistroStepDefinitions.enLaPaginaDeZapatosParaMujer()?[39m
  ?[32m✔?[39m ?[32m?[1mY ?[22mel total del pedido debe ser igual al precio del producto comprado?[39m                                                                                                                                                ?[90m# org.example.stepdefinitions.CompraStepDefinitions.validaTotalDelPedido()?[39m
  ?[32m✔?[39m ?[32m?[1mCuando ?[22mel usuario selecciona la opción "Mi cuenta"?[39m                                ?[90m# org.example.stepdefinitions.RegistroStepDefinitions.seleccionarMiCuenta()?[39m
  ?[32m✔?[39m ?[32m?[1mY ?[22mdiligencia los campos del inicio de sesión con los siguientes datos:?[39m            ?[90m# org.example.stepdefinitions.LoginStepDefinitions.diligenciarLosCamposDelInicioDeSesion(io.cucumber.datatable.DataTable)?[39m
      | cedula      | contraseña |
      | 10202091234 | Test@12345 |
  ?[32m✔?[39m ?[32m?[1mY ?[22mselecciona el botón "Iniciar Sesión"?[39m                                            ?[90m# org.example.stepdefinitions.LoginStepDefinitions.seleccionarIniciarSesion()?[39m
  ?[32m✔?[39m ?[32m?[1mEntonces ?[22mdebe visualizar la cuenta del usuario autenticado?[39m                        ?[90m# org.example.stepdefinitions.RegistroStepDefinitions.validarCuentaAutenticada()?[39m
]]></system-out>
  <system-err><![CDATA[SLF4J(W): No SLF4J providers were found.
SLF4J(W): Defaulting to no-operation (NOP) logger implementation
SLF4J(W): See https://www.slf4j.org/codes.html#noProviders for further details.
sept 25, 2026 5:34:51 A. M. org.openqa.selenium.devtools.CdpVersionFinder findNearestMatch
ADVERTENCIA: Unable to find CDP implementation matching 154
sept 25, 2026 5:34:51 A. M. org.openqa.selenium.chromium.ChromiumDriver lambda$new$4
ADVERTENCIA: Unable to find version of CDP to use for 154.0.8037.57. You may need to include a dependency on a specific version of the CDP using something similar to `org.seleniumhq.selenium:selenium-devtools-v86:4.41.0` where the version ("v86") matches the version of the chromium-based browser you're using and the version number of the artifact is the same as Selenium's.
sept 25, 2026 5:34:51 A. M. org.openqa.selenium.devtools.CdpVersionFinder findNearestMatch
ADVERTENCIA: Unable to find CDP implementation matching 154
sept 25, 2026 5:34:51 A. M. org.openqa.selenium.chromium.ChromiumDriver lambda$new$4
ADVERTENCIA: Unable to find version of CDP to use for 154.0.8037.57. You may need to include a dependency on a specific version of the CDP using something similar to `org.seleniumhq.selenium:selenium-devtools-v86:4.41.0` where the version ("v86") matches the version of the chromium-based browser you're using and the version number of the artifact is the same as Selenium's.
sept 25, 2026 5:35:40 A. M. org.openqa.selenium.devtools.CdpVersionFinder findNearestMatch
ADVERTENCIA: Unable to find CDP implementation matching 154
sept 25, 2026 5:35:40 A. M. org.openqa.selenium.chromium.ChromiumDriver lambda$new$4
ADVERTENCIA: Unable to find version of CDP to use for 154.0.8037.57. You may need to include a dependency on a specific version of the CDP using something similar to `org.seleniumhq.selenium:selenium-devtools-v86:4.41.0` where the version ("v86") matches the version of the chromium-based browser you're using and the version number of the artifact is the same as Selenium's.
sept 25, 2026 5:36:02 A. M. org.openqa.selenium.devtools.CdpVersionFinder findNearestMatch
ADVERTENCIA: Unable to find CDP implementation matching 154
sept 25, 2026 5:36:02 A. M. org.openqa.selenium.chromium.ChromiumDriver lambda$new$4
ADVERTENCIA: Unable to find version of CDP to use for 154.0.8037.57. You may need to include a dependency on a specific version of the CDP using something similar to `org.seleniumhq.selenium:selenium-devtools-v86:4.41.0` where the version ("v86") matches the version of the chromium-based browser you're using and the version number of the artifact is the same as Selenium's.
sept 25, 2026 5:36:11 A. M. org.openqa.selenium.devtools.CdpVersionFinder findNearestMatch
ADVERTENCIA: Unable to find CDP implementation matching 154
sept 25, 2026 5:36:11 A. M. org.openqa.selenium.chromium.ChromiumDriver lambda$new$4
ADVERTENCIA: Unable to find version of CDP to use for 154.0.8037.57. You may need to include a dependency on a specific version of the CDP using something similar to `org.seleniumhq.selenium:selenium-devtools-v86:4.41.0` where the version ("v86") matches the version of the chromium-based browser you're using and the version number of the artifact is the same as Selenium's.
sept 25, 2026 5:36:31 A. M. org.openqa.selenium.devtools.CdpVersionFinder findNearestMatch
ADVERTENCIA: Unable to find CDP implementation matching 154
sept 25, 2026 5:36:31 A. M. org.openqa.selenium.chromium.ChromiumDriver lambda$new$4
ADVERTENCIA: Unable to find version of CDP to use for 154.0.8037.57. You may need to include a dependency on a specific version of the CDP using something similar to `org.seleniumhq.selenium:selenium-devtools-v86:4.41.0` where the version ("v86") matches the version of the chromium-based browser you're using and the version number of the artifact is the same as Selenium's.
sept 25, 2026 5:36:50 A. M. org.openqa.selenium.devtools.CdpVersionFinder findNearestMatch
ADVERTENCIA: Unable to find CDP implementation matching 154
sept 25, 2026 5:36:50 A. M. org.openqa.selenium.chromium.ChromiumDriver lambda$new$4
ADVERTENCIA: Unable to find version of CDP to use for 154.0.8037.57. You may need to include a dependency on a specific version of the CDP using something similar to `org.seleniumhq.selenium:selenium-devtools-v86:4.41.0` where the version ("v86") matches the version of the chromium-based browser you're using and the version number of the artifact is the same as Selenium's.
sept 25, 2026 5:37:17 A. M. org.junit.platform.launcher.core.DiscoveryIssueNotifier logIssues
ADVERTENCIA: TestEngine with ID 'cucumber' encountered a non-critical issue during test discovery:

(1) [WARNING] The classpath resource selector 'features' should not be used to select features in a package. Use the package selector with 'features' instead
]]></system-err>
</testsuite>
