<?xml version="1.0" encoding="UTF-8" standalone="no"?><testsuite errors="3" failures="0" name="Compra de productos por categoría" skipped="6" tests="9" time="147.84" timestamp="2026-09-25 05:34:50"><testcase name="Comprar un producto iniciando sesión en el checkout"><error message="stale element reference: stale element not found in the current frame&#10;  (Session info: chrome=154.0.8037.57)&#10;For documentation on this error, please visit: https://www.selenium.dev/documentation/webdriver/troubleshooting/errors#staleelementreferenceexception&#10;Build info: version: '4.41.0', revision: '9fc754f'&#10;System info: os.name: 'Mac OS X', os.arch: 'aarch64', os.version: '26.6.2', java.version: '24.0.2'&#10;Driver info: org.openqa.selenium.chrome.ChromeDriver&#10;Command: [a157d432aa58f813c8db7578316c1cb9, clickElement {id=f.FC1DAD9FF73C8038F8DACF2B45FCC391.d.9F3EA4D60904EE7D6FB120A8F4E41F6B.e.2260}]&#10;Capabilities {acceptInsecureCerts: false, browserName: chrome, browserVersion: 154.0.8037.57, chrome: {chromedriverVersion: 154.0.8037.57 (73c14f6228d7..., userDataDir: /var/folders/st/djsxb_hj2lv...}, fedcm:accounts: true, goog:chromeOptions: {debuggerAddress: localhost:50967}, goog:processID: 21282, networkConnectionEnabled: false, pageLoadStrategy: normal, platformName: mac, proxy: Proxy(), se:cdp: ws://localhost:50967/devtoo..., se:cdpVersion: 154.0.8037.57, setWindowRect: true, strictFileInteractability: false, timeouts: {implicit: 0, pageLoad: 300000, script: 30000}, unhandledPromptBehavior: dismiss and notify, webauthn:extension:cmtgKey: true, webauthn:extension:credBlob: true, webauthn:extension:largeBlob: true, webauthn:extension:minPinLength: true, webauthn:extension:prf: true, webauthn:virtualAuthenticators: true}&#10;Element: [[ChromeDriver: chrome on mac (a157d432aa58f813c8db7578316c1cb9)] -&gt; id: terms]&#10;Session ID: a157d432aa58f813c8db7578316c1cb9" type="org.openqa.selenium.StaleElementReferenceException">stale element reference: stale element not found in the current frame
  (Session info: chrome=154.0.8037.57)
For documentation on this error, please visit: https://www.selenium.dev/documentation/webdriver/troubleshooting/errors#staleelementreferenceexception
Build info: version: '4.41.0', revision: '9fc754f'
System info: os.name: 'Mac OS X', os.arch: 'aarch64', os.version: '26.6.2', java.version: '24.0.2'
Driver info: org.openqa.selenium.chrome.ChromeDriver
Command: [a157d432aa58f813c8db7578316c1cb9, clickElement {id=f.FC1DAD9FF73C8038F8DACF2B45FCC391.d.9F3EA4D60904EE7D6FB120A8F4E41F6B.e.2260}]
Capabilities {acceptInsecureCerts: false, browserName: chrome, browserVersion: 154.0.8037.57, chrome: {chromedriverVersion: 154.0.8037.57 (73c14f6228d7..., userDataDir: /var/folders/st/djsxb_hj2lv...}, fedcm:accounts: true, goog:chromeOptions: {debuggerAddress: localhost:50967}, goog:processID: 21282, networkConnectionEnabled: false, pageLoadStrategy: normal, platformName: mac, proxy: Proxy(), se:cdp: ws://localhost:50967/devtoo..., se:cdpVersion: 154.0.8037.57, setWindowRect: true, strictFileInteractability: false, timeouts: {implicit: 0, pageLoad: 300000, script: 30000}, unhandledPromptBehavior: dismiss and notify, webauthn:extension:cmtgKey: true, webauthn:extension:credBlob: true, webauthn:extension:largeBlob: true, webauthn:extension:minPinLength: true, webauthn:extension:prf: true, webauthn:virtualAuthenticators: true}
Element: [[ChromeDriver: chrome on mac (a157d432aa58f813c8db7578316c1cb9)] -&gt; id: terms]
Session ID: a157d432aa58f813c8db7578316c1cb9</error><system-err>stale element reference: stale element not found in the current frame
  (Session info: chrome=154.0.8037.57)
For documentation on this error, please visit: https://www.selenium.dev/documentation/webdriver/troubleshooting/errors#staleelementreferenceexception
Build info: version: '4.41.0', revision: '9fc754f'
System info: os.name: 'Mac OS X', os.arch: 'aarch64', os.version: '26.6.2', java.version: '24.0.2'
Driver info: org.openqa.selenium.chrome.ChromeDriver
Command: [a157d432aa58f813c8db7578316c1cb9, clickElement {id=f.FC1DAD9FF73C8038F8DACF2B45FCC391.d.9F3EA4D60904EE7D6FB120A8F4E41F6B.e.2260}]
Capabilities {acceptInsecureCerts: false, browserName: chrome, browserVersion: 154.0.8037.57, chrome: {chromedriverVersion: 154.0.8037.57 (73c14f6228d7..., userDataDir: /var/folders/st/djsxb_hj2lv...}, fedcm:accounts: true, goog:chromeOptions: {debuggerAddress: localhost:50967}, goog:processID: 21282, networkConnectionEnabled: false, pageLoadStrategy: normal, platformName: mac, proxy: Proxy(), se:cdp: ws://localhost:50967/devtoo..., se:cdpVersion: 154.0.8037.57, setWindowRect: true, strictFileInteractability: false, timeouts: {implicit: 0, pageLoad: 300000, script: 30000}, unhandledPromptBehavior: dismiss and notify, webauthn:extension:cmtgKey: true, webauthn:extension:credBlob: true, webauthn:extension:largeBlob: true, webauthn:extension:minPinLength: true, webauthn:extension:prf: true, webauthn:virtualAuthenticators: true}
Element: [[ChromeDriver: chrome on mac (a157d432aa58f813c8db7578316c1cb9)] -&gt; id: terms]
Session ID: a157d432aa58f813c8db7578316c1cb9
org.example.interactions.ConfirmarPedidoComoInvitado.hacerClicEnElementoActual(ConfirmarPedidoComoInvitado.java:64)
org.example.interactions.ConfirmarPedidoComoInvitado.performAs(ConfirmarPedidoComoInvitado.java:47)
org.example.stepdefinitions.CompraStepDefinitions.autorizaElTratamientoDeDatosYRealizaElPedido(CompraStepDefinitions.java:129)
</system-err></testcase><testcase name="Seleccionar y comprar un producto al azar por categoría"><error message="stale element reference: stale element not found in the current frame&#10;  (Session info: chrome=154.0.8037.57)&#10;For documentation on this error, please visit: https://www.selenium.dev/documentation/webdriver/troubleshooting/errors#staleelementreferenceexception&#10;Build info: version: '4.41.0', revision: '9fc754f'&#10;System info: os.name: 'Mac OS X', os.arch: 'aarch64', os.version: '26.6.2', java.version: '24.0.2'&#10;Driver info: org.openqa.selenium.chrome.ChromeDriver&#10;Command: [b8f96c0f0c5a2e34c05183b812d976e3, clickElement {id=f.6EC227719099BB861BFBBD1ECB15673B.d.E78C7B14FCBB38BD65A5787FBB1AF14E.e.1882}]&#10;Capabilities {acceptInsecureCerts: false, browserName: chrome, browserVersion: 154.0.8037.57, chrome: {chromedriverVersion: 154.0.8037.57 (73c14f6228d7..., userDataDir: /var/folders/st/djsxb_hj2lv...}, fedcm:accounts: true, goog:chromeOptions: {debuggerAddress: localhost:51659}, goog:processID: 21617, networkConnectionEnabled: false, pageLoadStrategy: normal, platformName: mac, proxy: Proxy(), se:cdp: ws://localhost:51659/devtoo..., se:cdpVersion: 154.0.8037.57, setWindowRect: true, strictFileInteractability: false, timeouts: {implicit: 0, pageLoad: 300000, script: 30000}, unhandledPromptBehavior: dismiss and notify, webauthn:extension:cmtgKey: true, webauthn:extension:credBlob: true, webauthn:extension:largeBlob: true, webauthn:extension:minPinLength: true, webauthn:extension:prf: true, webauthn:virtualAuthenticators: true}&#10;Element: [[ChromeDriver: chrome on mac (b8f96c0f0c5a2e34c05183b812d976e3)] -&gt; id: terms]&#10;Session ID: b8f96c0f0c5a2e34c05183b812d976e3" type="org.openqa.selenium.StaleElementReferenceException">stale element reference: stale element not found in the current frame
  (Session info: chrome=154.0.8037.57)
For documentation on this error, please visit: https://www.selenium.dev/documentation/webdriver/troubleshooting/errors#staleelementreferenceexception
Build info: version: '4.41.0', revision: '9fc754f'
System info: os.name: 'Mac OS X', os.arch: 'aarch64', os.version: '26.6.2', java.version: '24.0.2'
Driver info: org.openqa.selenium.chrome.ChromeDriver
Command: [b8f96c0f0c5a2e34c05183b812d976e3, clickElement {id=f.6EC227719099BB861BFBBD1ECB15673B.d.E78C7B14FCBB38BD65A5787FBB1AF14E.e.1882}]
Capabilities {acceptInsecureCerts: false, browserName: chrome, browserVersion: 154.0.8037.57, chrome: {chromedriverVersion: 154.0.8037.57 (73c14f6228d7..., userDataDir: /var/folders/st/djsxb_hj2lv...}, fedcm:accounts: true, goog:chromeOptions: {debuggerAddress: localhost:51659}, goog:processID: 21617, networkConnectionEnabled: false, pageLoadStrategy: normal, platformName: mac, proxy: Proxy(), se:cdp: ws://localhost:51659/devtoo..., se:cdpVersion: 154.0.8037.57, setWindowRect: true, strictFileInteractability: false, timeouts: {implicit: 0, pageLoad: 300000, script: 30000}, unhandledPromptBehavior: dismiss and notify, webauthn:extension:cmtgKey: true, webauthn:extension:credBlob: true, webauthn:extension:largeBlob: true, webauthn:extension:minPinLength: true, webauthn:extension:prf: true, webauthn:virtualAuthenticators: true}
Element: [[ChromeDriver: chrome on mac (b8f96c0f0c5a2e34c05183b812d976e3)] -&gt; id: terms]
Session ID: b8f96c0f0c5a2e34c05183b812d976e3</error><system-err>stale element reference: stale element not found in the current frame
  (Session info: chrome=154.0.8037.57)
For documentation on this error, please visit: https://www.selenium.dev/documentation/webdriver/troubleshooting/errors#staleelementreferenceexception
Build info: version: '4.41.0', revision: '9fc754f'
System info: os.name: 'Mac OS X', os.arch: 'aarch64', os.version: '26.6.2', java.version: '24.0.2'
Driver info: org.openqa.selenium.chrome.ChromeDriver
Command: [b8f96c0f0c5a2e34c05183b812d976e3, clickElement {id=f.6EC227719099BB861BFBBD1ECB15673B.d.E78C7B14FCBB38BD65A5787FBB1AF14E.e.1882}]
Capabilities {acceptInsecureCerts: false, browserName: chrome, browserVersion: 154.0.8037.57, chrome: {chromedriverVersion: 154.0.8037.57 (73c14f6228d7..., userDataDir: /var/folders/st/djsxb_hj2lv...}, fedcm:accounts: true, goog:chromeOptions: {debuggerAddress: localhost:51659}, goog:processID: 21617, networkConnectionEnabled: false, pageLoadStrategy: normal, platformName: mac, proxy: Proxy(), se:cdp: ws://localhost:51659/devtoo..., se:cdpVersion: 154.0.8037.57, setWindowRect: true, strictFileInteractability: false, timeouts: {implicit: 0, pageLoad: 300000, script: 30000}, unhandledPromptBehavior: dismiss and notify, webauthn:extension:cmtgKey: true, webauthn:extension:credBlob: true, webauthn:extension:largeBlob: true, webauthn:extension:minPinLength: true, webauthn:extension:prf: true, webauthn:virtualAuthenticators: true}
Element: [[ChromeDriver: chrome on mac (b8f96c0f0c5a2e34c05183b812d976e3)] -&gt; id: terms]
Session ID: b8f96c0f0c5a2e34c05183b812d976e3
org.example.interactions.ConfirmarPedidoComoInvitado.hacerClicEnElementoActual(ConfirmarPedidoComoInvitado.java:64)
org.example.interactions.ConfirmarPedidoComoInvitado.performAs(ConfirmarPedidoComoInvitado.java:47)
org.example.stepdefinitions.CompraStepDefinitions.autorizaElTratamientoDeDatosYRealizaElPedido(CompraStepDefinitions.java:129)
</system-err></testcase></testsuite>