<?xml version="1.0" encoding="UTF-8" standalone="no"?><testsuite errors="1" failures="0" name="Compra de productos por categoría" skipped="2" tests="3" time="40.28" timestamp="2026-09-25 05:23:12"><testcase name="Comprar un producto iniciando sesión en el checkout"><error message="stale element reference: stale element not found in the current frame&#10;  (Session info: chrome=154.0.8037.57)&#10;For documentation on this error, please visit: https://www.selenium.dev/documentation/webdriver/troubleshooting/errors#staleelementreferenceexception&#10;Build info: version: '4.41.0', revision: '9fc754f'&#10;System info: os.name: 'Mac OS X', os.arch: 'aarch64', os.version: '26.6.2', java.version: '24.0.2'&#10;Driver info: org.openqa.selenium.chrome.ChromeDriver&#10;Command: [aacb388384ef4ce95ec1ae593fdd9ab9, clickElement {id=f.C3660F28DE967C2F76A14BA0827F0149.d.A2200709275430ABD7D1626B56CA022C.e.2575}]&#10;Capabilities {acceptInsecureCerts: false, browserName: chrome, browserVersion: 154.0.8037.57, chrome: {chromedriverVersion: 154.0.8037.57 (73c14f6228d7..., userDataDir: /var/folders/st/djsxb_hj2lv...}, fedcm:accounts: true, goog:chromeOptions: {debuggerAddress: localhost:63689}, goog:processID: 20467, networkConnectionEnabled: false, pageLoadStrategy: normal, platformName: mac, proxy: Proxy(), se:cdp: ws://localhost:63689/devtoo..., se:cdpVersion: 154.0.8037.57, setWindowRect: true, strictFileInteractability: false, timeouts: {implicit: 0, pageLoad: 300000, script: 30000}, unhandledPromptBehavior: dismiss and notify, webauthn:extension:cmtgKey: true, webauthn:extension:credBlob: true, webauthn:extension:largeBlob: true, webauthn:extension:minPinLength: true, webauthn:extension:prf: true, webauthn:virtualAuthenticators: true}&#10;Element: [[ChromeDriver: chrome on mac (aacb388384ef4ce95ec1ae593fdd9ab9)] -&gt; id: terms]&#10;Session ID: aacb388384ef4ce95ec1ae593fdd9ab9" type="org.openqa.selenium.StaleElementReferenceException">stale element reference: stale element not found in the current frame
  (Session info: chrome=154.0.8037.57)
For documentation on this error, please visit: https://www.selenium.dev/documentation/webdriver/troubleshooting/errors#staleelementreferenceexception
Build info: version: '4.41.0', revision: '9fc754f'
System info: os.name: 'Mac OS X', os.arch: 'aarch64', os.version: '26.6.2', java.version: '24.0.2'
Driver info: org.openqa.selenium.chrome.ChromeDriver
Command: [aacb388384ef4ce95ec1ae593fdd9ab9, clickElement {id=f.C3660F28DE967C2F76A14BA0827F0149.d.A2200709275430ABD7D1626B56CA022C.e.2575}]
Capabilities {acceptInsecureCerts: false, browserName: chrome, browserVersion: 154.0.8037.57, chrome: {chromedriverVersion: 154.0.8037.57 (73c14f6228d7..., userDataDir: /var/folders/st/djsxb_hj2lv...}, fedcm:accounts: true, goog:chromeOptions: {debuggerAddress: localhost:63689}, goog:processID: 20467, networkConnectionEnabled: false, pageLoadStrategy: normal, platformName: mac, proxy: Proxy(), se:cdp: ws://localhost:63689/devtoo..., se:cdpVersion: 154.0.8037.57, setWindowRect: true, strictFileInteractability: false, timeouts: {implicit: 0, pageLoad: 300000, script: 30000}, unhandledPromptBehavior: dismiss and notify, webauthn:extension:cmtgKey: true, webauthn:extension:credBlob: true, webauthn:extension:largeBlob: true, webauthn:extension:minPinLength: true, webauthn:extension:prf: true, webauthn:virtualAuthenticators: true}
Element: [[ChromeDriver: chrome on mac (aacb388384ef4ce95ec1ae593fdd9ab9)] -&gt; id: terms]
Session ID: aacb388384ef4ce95ec1ae593fdd9ab9</error><system-err>stale element reference: stale element not found in the current frame
  (Session info: chrome=154.0.8037.57)
For documentation on this error, please visit: https://www.selenium.dev/documentation/webdriver/troubleshooting/errors#staleelementreferenceexception
Build info: version: '4.41.0', revision: '9fc754f'
System info: os.name: 'Mac OS X', os.arch: 'aarch64', os.version: '26.6.2', java.version: '24.0.2'
Driver info: org.openqa.selenium.chrome.ChromeDriver
Command: [aacb388384ef4ce95ec1ae593fdd9ab9, clickElement {id=f.C3660F28DE967C2F76A14BA0827F0149.d.A2200709275430ABD7D1626B56CA022C.e.2575}]
Capabilities {acceptInsecureCerts: false, browserName: chrome, browserVersion: 154.0.8037.57, chrome: {chromedriverVersion: 154.0.8037.57 (73c14f6228d7..., userDataDir: /var/folders/st/djsxb_hj2lv...}, fedcm:accounts: true, goog:chromeOptions: {debuggerAddress: localhost:63689}, goog:processID: 20467, networkConnectionEnabled: false, pageLoadStrategy: normal, platformName: mac, proxy: Proxy(), se:cdp: ws://localhost:63689/devtoo..., se:cdpVersion: 154.0.8037.57, setWindowRect: true, strictFileInteractability: false, timeouts: {implicit: 0, pageLoad: 300000, script: 30000}, unhandledPromptBehavior: dismiss and notify, webauthn:extension:cmtgKey: true, webauthn:extension:credBlob: true, webauthn:extension:largeBlob: true, webauthn:extension:minPinLength: true, webauthn:extension:prf: true, webauthn:virtualAuthenticators: true}
Element: [[ChromeDriver: chrome on mac (aacb388384ef4ce95ec1ae593fdd9ab9)] -&gt; id: terms]
Session ID: aacb388384ef4ce95ec1ae593fdd9ab9
org.example.interactions.ConfirmarPedidoComoInvitado.hacerClicEnElementoActual(ConfirmarPedidoComoInvitado.java:64)
org.example.interactions.ConfirmarPedidoComoInvitado.performAs(ConfirmarPedidoComoInvitado.java:47)
org.example.stepdefinitions.CompraStepDefinitions.autorizaElTratamientoDeDatosYRealizaElPedido(CompraStepDefinitions.java:134)
</system-err></testcase></testsuite>