<?xml version="1.0" encoding="UTF-8" standalone="no"?><testsuite errors="1" failures="0" name="Compra de productos por categoría" skipped="2" tests="3" time="35.04" timestamp="2026-09-25 05:17:12"><testcase name="Seleccionar y comprar un producto al azar por categoría"><error message="stale element reference: stale element not found in the current frame&#10;  (Session info: chrome=154.0.8037.57)&#10;For documentation on this error, please visit: https://www.selenium.dev/documentation/webdriver/troubleshooting/errors#staleelementreferenceexception&#10;Build info: version: '4.41.0', revision: '9fc754f'&#10;System info: os.name: 'Mac OS X', os.arch: 'aarch64', os.version: '26.6.2', java.version: '24.0.2'&#10;Driver info: org.openqa.selenium.chrome.ChromeDriver&#10;Command: [4968fe54d41d9016eb464d9dcd145f12, clickElement {id=f.AAA1AB2D7993F85B6FDFA7D36B241CFD.d.700184F4B6F300CAE6445AAD541B7316.e.1845}]&#10;Capabilities {acceptInsecureCerts: false, browserName: chrome, browserVersion: 154.0.8037.57, chrome: {chromedriverVersion: 154.0.8037.57 (73c14f6228d7..., userDataDir: /var/folders/st/djsxb_hj2lv...}, fedcm:accounts: true, goog:chromeOptions: {debuggerAddress: localhost:61607}, goog:processID: 19688, networkConnectionEnabled: false, pageLoadStrategy: normal, platformName: mac, proxy: Proxy(), se:cdp: ws://localhost:61607/devtoo..., se:cdpVersion: 154.0.8037.57, setWindowRect: true, strictFileInteractability: false, timeouts: {implicit: 0, pageLoad: 300000, script: 30000}, unhandledPromptBehavior: dismiss and notify, webauthn:extension:cmtgKey: true, webauthn:extension:credBlob: true, webauthn:extension:largeBlob: true, webauthn:extension:minPinLength: true, webauthn:extension:prf: true, webauthn:virtualAuthenticators: true}&#10;Element: [[ChromeDriver: chrome on mac (4968fe54d41d9016eb464d9dcd145f12)] -&gt; id: terms]&#10;Session ID: 4968fe54d41d9016eb464d9dcd145f12" type="org.openqa.selenium.StaleElementReferenceException">stale element reference: stale element not found in the current frame
  (Session info: chrome=154.0.8037.57)
For documentation on this error, please visit: https://www.selenium.dev/documentation/webdriver/troubleshooting/errors#staleelementreferenceexception
Build info: version: '4.41.0', revision: '9fc754f'
System info: os.name: 'Mac OS X', os.arch: 'aarch64', os.version: '26.6.2', java.version: '24.0.2'
Driver info: org.openqa.selenium.chrome.ChromeDriver
Command: [4968fe54d41d9016eb464d9dcd145f12, clickElement {id=f.AAA1AB2D7993F85B6FDFA7D36B241CFD.d.700184F4B6F300CAE6445AAD541B7316.e.1845}]
Capabilities {acceptInsecureCerts: false, browserName: chrome, browserVersion: 154.0.8037.57, chrome: {chromedriverVersion: 154.0.8037.57 (73c14f6228d7..., userDataDir: /var/folders/st/djsxb_hj2lv...}, fedcm:accounts: true, goog:chromeOptions: {debuggerAddress: localhost:61607}, goog:processID: 19688, networkConnectionEnabled: false, pageLoadStrategy: normal, platformName: mac, proxy: Proxy(), se:cdp: ws://localhost:61607/devtoo..., se:cdpVersion: 154.0.8037.57, setWindowRect: true, strictFileInteractability: false, timeouts: {implicit: 0, pageLoad: 300000, script: 30000}, unhandledPromptBehavior: dismiss and notify, webauthn:extension:cmtgKey: true, webauthn:extension:credBlob: true, webauthn:extension:largeBlob: true, webauthn:extension:minPinLength: true, webauthn:extension:prf: true, webauthn:virtualAuthenticators: true}
Element: [[ChromeDriver: chrome on mac (4968fe54d41d9016eb464d9dcd145f12)] -&gt; id: terms]
Session ID: 4968fe54d41d9016eb464d9dcd145f12</error><system-err>stale element reference: stale element not found in the current frame
  (Session info: chrome=154.0.8037.57)
For documentation on this error, please visit: https://www.selenium.dev/documentation/webdriver/troubleshooting/errors#staleelementreferenceexception
Build info: version: '4.41.0', revision: '9fc754f'
System info: os.name: 'Mac OS X', os.arch: 'aarch64', os.version: '26.6.2', java.version: '24.0.2'
Driver info: org.openqa.selenium.chrome.ChromeDriver
Command: [4968fe54d41d9016eb464d9dcd145f12, clickElement {id=f.AAA1AB2D7993F85B6FDFA7D36B241CFD.d.700184F4B6F300CAE6445AAD541B7316.e.1845}]
Capabilities {acceptInsecureCerts: false, browserName: chrome, browserVersion: 154.0.8037.57, chrome: {chromedriverVersion: 154.0.8037.57 (73c14f6228d7..., userDataDir: /var/folders/st/djsxb_hj2lv...}, fedcm:accounts: true, goog:chromeOptions: {debuggerAddress: localhost:61607}, goog:processID: 19688, networkConnectionEnabled: false, pageLoadStrategy: normal, platformName: mac, proxy: Proxy(), se:cdp: ws://localhost:61607/devtoo..., se:cdpVersion: 154.0.8037.57, setWindowRect: true, strictFileInteractability: false, timeouts: {implicit: 0, pageLoad: 300000, script: 30000}, unhandledPromptBehavior: dismiss and notify, webauthn:extension:cmtgKey: true, webauthn:extension:credBlob: true, webauthn:extension:largeBlob: true, webauthn:extension:minPinLength: true, webauthn:extension:prf: true, webauthn:virtualAuthenticators: true}
Element: [[ChromeDriver: chrome on mac (4968fe54d41d9016eb464d9dcd145f12)] -&gt; id: terms]
Session ID: 4968fe54d41d9016eb464d9dcd145f12
org.example.interactions.ConfirmarPedidoComoInvitado.hacerClicEnElementoActual(ConfirmarPedidoComoInvitado.java:64)
org.example.interactions.ConfirmarPedidoComoInvitado.performAs(ConfirmarPedidoComoInvitado.java:47)
org.example.stepdefinitions.CompraStepDefinitions.autorizaElTratamientoDeDatosYRealizaElPedido(CompraStepDefinitions.java:134)
</system-err></testcase></testsuite>